<!DOCTYPE html PUBLIC "-//W3C//DTD XHTML 1.1//EN" "https://www.w3.org/TR/xhtml11/DTD/xhtml11.dtd">
<html xmlns="https://www.w3.org/1999/xhtml">
<head>
<meta http-equiv="content-type" content="text/html; charset=UTF-8"/>
<title>TestNG Report</title>
<style type="text/css">table {margin-bottom:10px;border-collapse:collapse;empty-cells:show}th,td {border:1px solid #009;padding:.25em .5em}th {vertical-align:bottom}td {vertical-align:top}table a {font-weight:bold}.stripe td {background-color: #E6EBF9}.num {text-align:right}.passedodd td {background-color: #3F3}.passedeven td {background-color: #0A0}.skippedodd td {background-color: #DDD}.skippedeven td {background-color: #CCC}.failedodd td,.attn {background-color: #F33}.failedeven td,.stripe .attn {background-color: #D00}.stacktrace {white-space:pre;font-family:monospace}.totop {font-size:85%;text-align:center;border-bottom:2px solid #000}.invisible {display:none}</style>
</head>
<body>
<table>
<tr><th>Test</th><th># Passed</th><th># Skipped</th><th># Retried</th><th># Failed</th><th>Time (ms)</th><th>Included Groups</th><th>Excluded Groups</th></tr>
<tr><th colspan="8">Command line suite</th></tr>
<tr><td><a href="#t0">Command line test</a></td><td class="num">0</td><td class="num attn">4</td><td class="num">0</td><td class="num">0</td><td class="num">72</td><td></td><td></td></tr>
</table>
<table id='summary'><thead><tr><th>Class</th><th>Method</th><th>Start</th><th>Time (ms)</th></tr></thead><tbody><tr><th colspan="4">Command line suite</th></tr></tbody><tbody id="t0"><tr><th colspan="4">Command line test &#8212; failed (configuration methods)</th></tr><tr class="failedeven"><td rowspan="1">com.xes.globe.automation.tests.AddAccount_Test</td><td><a href="#m0">initializeTestBaseSetup</a></td><td rowspan="1">1620113913965</td><td rowspan="1">-1620113913965</td></tr><tr class="failedodd"><td rowspan="1">com.xes.globe.automation.tests.BasePageTest</td><td><a href="#m1">initializeTestBaseSetup</a></td><td rowspan="1">1620113914005</td><td rowspan="1">-1620113914005</td></tr><tr class="failedeven"><td rowspan="1">com.xes.globe.automation.tests.GlobeLoginTest</td><td><a href="#m2">initializeTestBaseSetup</a></td><td rowspan="1">1620113914007</td><td rowspan="1">-1620113914007</td></tr><tr class="failedodd"><td rowspan="1">com.xes.globe.automation.tests.View_DownloadBill_Test</td><td><a href="#m3">initializeTestBaseSetup</a></td><td rowspan="1">1620113914010</td><td rowspan="1">-1620113914010</td></tr><tr><th colspan="4">Command line test &#8212; skipped (configuration methods)</th></tr><tr class="skippedeven"><td rowspan="1">com.xes.globe.automation.tests.AddAccount_Test</td><td><a href="#m4">setUp</a></td><td rowspan="1">1620113913978</td><td rowspan="1">-1620113913978</td></tr><tr class="skippedodd"><td rowspan="1">com.xes.globe.automation.tests.BasePageTest</td><td><a href="#m5">setUp</a></td><td rowspan="1">1620113914006</td><td rowspan="1">-1620113914006</td></tr><tr class="skippedeven"><td rowspan="1">com.xes.globe.automation.tests.GlobeLoginTest</td><td><a href="#m6">setUp</a></td><td rowspan="1">1620113914008</td><td rowspan="1">-1620113914008</td></tr><tr class="skippedodd"><td rowspan="1">com.xes.globe.automation.tests.View_DownloadBill_Test</td><td><a href="#m7">setUp</a></td><td rowspan="1">1620113914012</td><td rowspan="1">-1620113914012</td></tr><tr><th colspan="4">Command line test &#8212; skipped</th></tr><tr class="skippedeven"><td rowspan="1">com.xes.globe.automation.tests.AddAccount_Test</td><td><a href="#m8">AddAccount</a></td><td rowspan="1">1620113914000</td><td rowspan="1">0</td></tr><tr class="skippedodd"><td rowspan="1">com.xes.globe.automation.tests.BasePageTest</td><td><a href="#m9">verifyHomePage</a></td><td rowspan="1">1620113914007</td><td rowspan="1">0</td></tr><tr class="skippedeven"><td rowspan="1">com.xes.globe.automation.tests.GlobeLoginTest</td><td><a href="#m10">verifySignInFunction</a></td><td rowspan="1">1620113914009</td><td rowspan="1">0</td></tr><tr class="skippedodd"><td rowspan="1">com.xes.globe.automation.tests.View_DownloadBill_Test</td><td><a href="#m11">ViewBill</a></td><td rowspan="1">1620113914014</td><td rowspan="1">0</td></tr></tbody>
</table>
<h2>Command line test</h2><h3 id="m0">com.xes.globe.automation.tests.AddAccount_Test#initializeTestBaseSetup</h3><table class="result"><tr><th>Exception</th></tr><tr><td><div class="stacktrace">org.testng.TestNGException: 
Parameter &apos;browserType&apos; is required by BeforeClass on method initializeTestBaseSetup but has not been marked @Optional or defined

	at java.base/java.util.ArrayList.forEach(ArrayList.java:1507)
... Removed 32 stack frames</div></td></tr></table><p class="totop"><a href="#summary">back to summary</a></p>
<h3 id="m1">com.xes.globe.automation.tests.BasePageTest#initializeTestBaseSetup</h3><table class="result"><tr><th>Exception</th></tr><tr><td><div class="stacktrace">org.testng.TestNGException: 
Parameter &apos;browserType&apos; is required by BeforeClass on method initializeTestBaseSetup but has not been marked @Optional or defined

	at java.base/java.util.ArrayList.forEach(ArrayList.java:1507)
... Removed 32 stack frames</div></td></tr></table><p class="totop"><a href="#summary">back to summary</a></p>
<h3 id="m2">com.xes.globe.automation.tests.GlobeLoginTest#initializeTestBaseSetup</h3><table class="result"><tr><th>Exception</th></tr><tr><td><div class="stacktrace">org.testng.TestNGException: 
Parameter &apos;browserType&apos; is required by BeforeClass on method initializeTestBaseSetup but has not been marked @Optional or defined

	at java.base/java.util.ArrayList.forEach(ArrayList.java:1507)
... Removed 32 stack frames</div></td></tr></table><p class="totop"><a href="#summary">back to summary</a></p>
<h3 id="m3">com.xes.globe.automation.tests.View_DownloadBill_Test#initializeTestBaseSetup</h3><table class="result"><tr><th>Exception</th></tr><tr><td><div class="stacktrace">org.testng.TestNGException: 
Parameter &apos;browserType&apos; is required by BeforeClass on method initializeTestBaseSetup but has not been marked @Optional or defined

	at java.base/java.util.ArrayList.forEach(ArrayList.java:1507)
... Removed 32 stack frames</div></td></tr></table><p class="totop"><a href="#summary">back to summary</a></p>
<h3 id="m4">com.xes.globe.automation.tests.AddAccount_Test#setUp</h3><table class="result"><tr><th class="invisible"/></tr></table><p class="totop"><a href="#summary">back to summary</a></p>
<h3 id="m5">com.xes.globe.automation.tests.BasePageTest#setUp</h3><table class="result"><tr><th class="invisible"/></tr></table><p class="totop"><a href="#summary">back to summary</a></p>
<h3 id="m6">com.xes.globe.automation.tests.GlobeLoginTest#setUp</h3><table class="result"><tr><th class="invisible"/></tr></table><p class="totop"><a href="#summary">back to summary</a></p>
<h3 id="m7">com.xes.globe.automation.tests.View_DownloadBill_Test#setUp</h3><table class="result"><tr><th class="invisible"/></tr></table><p class="totop"><a href="#summary">back to summary</a></p>
<h3 id="m8">com.xes.globe.automation.tests.AddAccount_Test#AddAccount</h3><table class="result"><tr><th>Exception</th></tr><tr><td><div class="stacktrace">org.testng.TestNGException: 
Parameter &apos;browserType&apos; is required by BeforeClass on method initializeTestBaseSetup but has not been marked @Optional or defined

	at java.base/java.util.ArrayList.forEach(ArrayList.java:1507)
... Removed 32 stack frames</div></td></tr></table><p class="totop"><a href="#summary">back to summary</a></p>
<h3 id="m9">com.xes.globe.automation.tests.BasePageTest#verifyHomePage</h3><table class="result"><tr><th>Exception</th></tr><tr><td><div class="stacktrace">org.testng.TestNGException: 
Parameter &apos;browserType&apos; is required by BeforeClass on method initializeTestBaseSetup but has not been marked @Optional or defined

	at java.base/java.util.ArrayList.forEach(ArrayList.java:1507)
... Removed 32 stack frames</div></td></tr></table><p class="totop"><a href="#summary">back to summary</a></p>
<h3 id="m10">com.xes.globe.automation.tests.GlobeLoginTest#verifySignInFunction</h3><table class="result"><tr><th>Exception</th></tr><tr><td><div class="stacktrace">org.testng.TestNGException: 
Parameter &apos;browserType&apos; is required by BeforeClass on method initializeTestBaseSetup but has not been marked @Optional or defined

	at java.base/java.util.ArrayList.forEach(ArrayList.java:1507)
... Removed 32 stack frames</div></td></tr></table><p class="totop"><a href="#summary">back to summary</a></p>
<h3 id="m11">com.xes.globe.automation.tests.View_DownloadBill_Test#ViewBill</h3><table class="result"><tr><th>Exception</th></tr><tr><td><div class="stacktrace">org.testng.TestNGException: 
Parameter &apos;browserType&apos; is required by BeforeClass on method initializeTestBaseSetup but has not been marked @Optional or defined

	at java.base/java.util.ArrayList.forEach(ArrayList.java:1507)
... Removed 32 stack frames</div></td></tr></table><p class="totop"><a href="#summary">back to summary</a></p>
</body>
</html>
