<?xml version="1.0" encoding="UTF-8"?>
<!-- Generated by org.testng.reporters.JUnitXMLReporter -->
<testsuite ignored="0" hostname="DESKTOP-N75KIJF" failures="0" tests="4" name="Command line test" time="0.072" errors="0" timestamp="2021-05-04T15:38:34 CST">
  <testcase classname="com.xes.globe.automation.base_setup.Test_BaseSetUp" name="@BeforeClass initializeTestBaseSetup" time="-1.620113913965E9">
    <failure type="org.testng.TestNGException" message="
Parameter &amp;apos;browserType&amp;apos; is required by BeforeClass on method initializeTestBaseSetup but has not been marked @Optional or defined
">
      <![CDATA[org.testng.TestNGException: 
Parameter 'browserType' is required by BeforeClass on method initializeTestBaseSetup but has not been marked @Optional or defined

at java.base/java.util.ArrayList.forEach(ArrayList.java:1507)
... Removed 32 stack frames]]>
    </failure>
  </testcase> <!-- @BeforeClass initializeTestBaseSetup -->
  <testcase classname="com.xes.globe.automation.tests.AddAccount_Test" name="@BeforeClass setUp" time="-1.620113913978E9">
    <skipped/>
  </testcase> <!-- @BeforeClass setUp -->
  <testcase classname="com.xes.globe.automation.base_setup.Test_BaseSetUp" name="@BeforeClass initializeTestBaseSetup" time="-1.620113914005E9">
    <failure type="org.testng.TestNGException" message="
Parameter &amp;apos;browserType&amp;apos; is required by BeforeClass on method initializeTestBaseSetup but has not been marked @Optional or defined
">
      <![CDATA[org.testng.TestNGException: 
Parameter 'browserType' is required by BeforeClass on method initializeTestBaseSetup but has not been marked @Optional or defined

at java.base/java.util.ArrayList.forEach(ArrayList.java:1507)
... Removed 32 stack frames]]>
    </failure>
  </testcase> <!-- @BeforeClass initializeTestBaseSetup -->
  <testcase classname="com.xes.globe.automation.tests.BasePageTest" name="@BeforeClass setUp" time="-1.620113914006E9">
    <skipped/>
  </testcase> <!-- @BeforeClass setUp -->
  <testcase classname="com.xes.globe.automation.base_setup.Test_BaseSetUp" name="@BeforeClass initializeTestBaseSetup" time="-1.620113914007E9">
    <failure type="org.testng.TestNGException" message="
Parameter &amp;apos;browserType&amp;apos; is required by BeforeClass on method initializeTestBaseSetup but has not been marked @Optional or defined
">
      <![CDATA[org.testng.TestNGException: 
Parameter 'browserType' is required by BeforeClass on method initializeTestBaseSetup but has not been marked @Optional or defined

at java.base/java.util.ArrayList.forEach(ArrayList.java:1507)
... Removed 32 stack frames]]>
    </failure>
  </testcase> <!-- @BeforeClass initializeTestBaseSetup -->
  <testcase classname="com.xes.globe.automation.tests.GlobeLoginTest" name="@BeforeClass setUp" time="-1.620113914008E9">
    <skipped/>
  </testcase> <!-- @BeforeClass setUp -->
  <testcase classname="com.xes.globe.automation.base_setup.Test_BaseSetUp" name="@BeforeClass initializeTestBaseSetup" time="-1.62011391401E9">
    <failure type="org.testng.TestNGException" message="
Parameter &amp;apos;browserType&amp;apos; is required by BeforeClass on method initializeTestBaseSetup but has not been marked @Optional or defined
">
      <![CDATA[org.testng.TestNGException: 
Parameter 'browserType' is required by BeforeClass on method initializeTestBaseSetup but has not been marked @Optional or defined

at java.base/java.util.ArrayList.forEach(ArrayList.java:1507)
... Removed 32 stack frames]]>
    </failure>
  </testcase> <!-- @BeforeClass initializeTestBaseSetup -->
  <testcase classname="com.xes.globe.automation.tests.View_DownloadBill_Test" name="@BeforeClass setUp" time="-1.620113914012E9">
    <skipped/>
  </testcase> <!-- @BeforeClass setUp -->
  <testcase classname="com.xes.globe.automation.tests.AddAccount_Test" name="AddAccount" time="0.0">
    <skipped/>
  </testcase> <!-- AddAccount -->
  <testcase classname="com.xes.globe.automation.tests.BasePageTest" name="verifyHomePage" time="0.0">
    <skipped/>
  </testcase> <!-- verifyHomePage -->
  <testcase classname="com.xes.globe.automation.tests.GlobeLoginTest" name="verifySignInFunction" time="0.0">
    <skipped/>
  </testcase> <!-- verifySignInFunction -->
  <testcase classname="com.xes.globe.automation.tests.View_DownloadBill_Test" name="ViewBill" time="0.0">
    <skipped/>
  </testcase> <!-- ViewBill -->
</testsuite> <!-- Command line test -->
